  [1m[35m (0.7ms)[0m  [1m[34mSELECT sqlite_version(*)[0m
  [1m[35m (0.0ms)[0m  [1m[34mSELECT sqlite_version(*)[0m
  [1m[35m (1.7ms)[0m  [1m[34mSELECT sqlite_version(*)[0m
  [1m[35m (0.6ms)[0m  [1m[35mCREATE TABLE "schema_migrations" ("version" varchar NOT NULL PRIMARY KEY)[0m
  [1m[35m (0.5ms)[0m  [1m[35mCREATE TABLE "ar_internal_metadata" ("key" varchar NOT NULL PRIMARY KEY, "value" varchar, "created_at" datetime(6) NOT NULL, "updated_at" datetime(6) NOT NULL)[0m
  [1m[35m (0.1ms)[0m  [1m[34mSELECT "schema_migrations"."version" FROM "schema_migrations" ORDER BY "schema_migrations"."version" ASC[0m
Migrating to CreateUsers (20221205053358)
  [1m[36mTRANSACTION (0.0ms)[0m  [1m[36mbegin transaction[0m
  [1m[35m (0.3ms)[0m  [1m[35mCREATE TABLE "users" ("id" integer PRIMARY KEY AUTOINCREMENT NOT NULL, "first_name" varchar, "last_name" varchar, "user_name" varchar, "password" varchar, "image_url" varchar, "email" varchar, "created_at" datetime(6) NOT NULL, "updated_at" datetime(6) NOT NULL)[0m
  [1m[36mActiveRecord::SchemaMigration Create (0.1ms)[0m  [1m[32mINSERT INTO "schema_migrations" ("version") VALUES (?)[0m  [["version", "20221205053358"]]
  [1m[36mTRANSACTION (0.4ms)[0m  [1m[36mcommit transaction[0m
Migrating to CreateQuizzes (20221205053510)
  [1m[36mTRANSACTION (0.0ms)[0m  [1m[36mbegin transaction[0m
  [1m[35m (0.2ms)[0m  [1m[35mCREATE TABLE "quizzes" ("id" integer PRIMARY KEY AUTOINCREMENT NOT NULL, "title" varchar, "description" varchar, "image_url" varchar, "author_id" integer, "q1" integer, "q2" integer, "q3" integer, "q4" integer, "q5" integer, "q6" integer, "q7" integer, "q8" integer, "q9" integer, "q10" integer, "created_at" datetime(6) NOT NULL, "updated_at" datetime(6) NOT NULL)[0m
  [1m[36mActiveRecord::SchemaMigration Create (0.1ms)[0m  [1m[32mINSERT INTO "schema_migrations" ("version") VALUES (?)[0m  [["version", "20221205053510"]]
  [1m[36mTRANSACTION (0.4ms)[0m  [1m[36mcommit transaction[0m
Migrating to CreateAttempts (20221205053616)
  [1m[36mTRANSACTION (0.0ms)[0m  [1m[36mbegin transaction[0m
  [1m[35m (0.3ms)[0m  [1m[35mCREATE TABLE "attempts" ("id" integer PRIMARY KEY AUTOINCREMENT NOT NULL, "user_id" integer NOT NULL, "quiz_id" integer NOT NULL, "score" integer, "created_at" datetime(6) NOT NULL, "updated_at" datetime(6) NOT NULL, CONSTRAINT "fk_rails_c8dbef4dd5"
FOREIGN KEY ("user_id")
  REFERENCES "users" ("id")
, CONSTRAINT "fk_rails_0aecdcc4e6"
FOREIGN KEY ("quiz_id")
  REFERENCES "quizzes" ("id")
)[0m
  [1m[35m (0.1ms)[0m  [1m[35mCREATE INDEX "index_attempts_on_user_id" ON "attempts" ("user_id")[0m
  [1m[35m (0.0ms)[0m  [1m[35mCREATE INDEX "index_attempts_on_quiz_id" ON "attempts" ("quiz_id")[0m
  [1m[36mActiveRecord::SchemaMigration Create (0.1ms)[0m  [1m[32mINSERT INTO "schema_migrations" ("version") VALUES (?)[0m  [["version", "20221205053616"]]
  [1m[36mTRANSACTION (0.4ms)[0m  [1m[36mcommit transaction[0m
Migrating to CreateQuestions (20221205175007)
  [1m[36mTRANSACTION (0.0ms)[0m  [1m[36mbegin transaction[0m
  [1m[35m (0.2ms)[0m  [1m[35mCREATE TABLE "questions" ("id" integer PRIMARY KEY AUTOINCREMENT NOT NULL, "category" varchar, "type" varchar, "question" varchar, "difficulty" varchar, "correct_answer" varchar, "incorrect_answers" varchar, "created_at" datetime(6) NOT NULL, "updated_at" datetime(6) NOT NULL)[0m
  [1m[36mActiveRecord::SchemaMigration Create (0.1ms)[0m  [1m[32mINSERT INTO "schema_migrations" ("version") VALUES (?)[0m  [["version", "20221205175007"]]
  [1m[36mTRANSACTION (0.3ms)[0m  [1m[36mcommit transaction[0m
  [1m[36mActiveRecord::InternalMetadata Load (0.1ms)[0m  [1m[34mSELECT "ar_internal_metadata".* FROM "ar_internal_metadata" WHERE "ar_internal_metadata"."key" = ? LIMIT ?[0m  [["key", "environment"], ["LIMIT", 1]]
  [1m[36mTRANSACTION (0.0ms)[0m  [1m[36mbegin transaction[0m
  [1m[36mActiveRecord::InternalMetadata Create (0.2ms)[0m  [1m[32mINSERT INTO "ar_internal_metadata" ("key", "value", "created_at", "updated_at") VALUES (?, ?, ?, ?)[0m  [["key", "environment"], ["value", "development"], ["created_at", "2022-12-05 17:51:29.266458"], ["updated_at", "2022-12-05 17:51:29.266458"]]
  [1m[36mTRANSACTION (0.3ms)[0m  [1m[36mcommit transaction[0m
  [1m[35m (0.0ms)[0m  [1m[34mSELECT sqlite_version(*)[0m
  [1m[35m (0.1ms)[0m  [1m[34mSELECT "schema_migrations"."version" FROM "schema_migrations" ORDER BY "schema_migrations"."version" ASC[0m
  [1m[35m (0.3ms)[0m  [1m[34mSELECT sqlite_version(*)[0m
  [1m[35m (0.1ms)[0m  [1m[34mSELECT "schema_migrations"."version" FROM "schema_migrations" ORDER BY "schema_migrations"."version" ASC[0m
  [1m[35m (0.1ms)[0m  [1m[34mSELECT "ar_internal_metadata"."value" FROM "ar_internal_metadata" WHERE "ar_internal_metadata"."key" = ?[0m  [["key", "environment"]]
  [1m[35m (0.0ms)[0m  [1m[34mSELECT "schema_migrations"."version" FROM "schema_migrations" ORDER BY "schema_migrations"."version" ASC[0m
  [1m[35m (0.0ms)[0m  [1m[34mSELECT "ar_internal_metadata"."value" FROM "ar_internal_metadata" WHERE "ar_internal_metadata"."key" = ?[0m  [["key", "environment"]]
  [1m[35m (0.0ms)[0m  [1m[34mSELECT "schema_migrations"."version" FROM "schema_migrations" ORDER BY "schema_migrations"."version" ASC[0m
  [1m[35m (0.0ms)[0m  [1m[34mSELECT "ar_internal_metadata"."value" FROM "ar_internal_metadata" WHERE "ar_internal_metadata"."key" = ?[0m  [["key", "environment"]]
  [1m[35m (0.2ms)[0m  [1m[34mSELECT sqlite_version(*)[0m
  [1m[35m (1.0ms)[0m  [1m[35mCREATE TABLE "schema_migrations" ("version" varchar NOT NULL PRIMARY KEY)[0m
  [1m[35m (0.7ms)[0m  [1m[35mCREATE TABLE "ar_internal_metadata" ("key" varchar NOT NULL PRIMARY KEY, "value" varchar, "created_at" datetime(6) NOT NULL, "updated_at" datetime(6) NOT NULL)[0m
  [1m[35m (0.1ms)[0m  [1m[34mSELECT "schema_migrations"."version" FROM "schema_migrations" ORDER BY "schema_migrations"."version" ASC[0m
Migrating to CreateUsers (20221205053358)
  [1m[36mTRANSACTION (0.0ms)[0m  [1m[36mbegin transaction[0m
  [1m[35m (0.3ms)[0m  [1m[35mCREATE TABLE "users" ("id" integer PRIMARY KEY AUTOINCREMENT NOT NULL, "first_name" varchar, "last_name" varchar, "user_name" varchar, "password_digest" varchar, "image_url" varchar, "email" varchar, "created_at" datetime(6) NOT NULL, "updated_at" datetime(6) NOT NULL)[0m
  [1m[36mActiveRecord::SchemaMigration Create (0.1ms)[0m  [1m[32mINSERT INTO "schema_migrations" ("version") VALUES (?)[0m  [["version", "20221205053358"]]
  [1m[36mTRANSACTION (0.5ms)[0m  [1m[36mcommit transaction[0m
Migrating to CreateQuizzes (20221205053510)
  [1m[36mTRANSACTION (0.0ms)[0m  [1m[36mbegin transaction[0m
  [1m[35m (0.3ms)[0m  [1m[35mCREATE TABLE "quizzes" ("id" integer PRIMARY KEY AUTOINCREMENT NOT NULL, "title" varchar, "description" varchar, "image_url" varchar, "author_id" integer, "q1" integer, "q2" integer, "q3" integer, "q4" integer, "q5" integer, "q6" integer, "q7" integer, "q8" integer, "q9" integer, "q10" integer, "created_at" datetime(6) NOT NULL, "updated_at" datetime(6) NOT NULL)[0m
  [1m[36mActiveRecord::SchemaMigration Create (0.1ms)[0m  [1m[32mINSERT INTO "schema_migrations" ("version") VALUES (?)[0m  [["version", "20221205053510"]]
  [1m[36mTRANSACTION (0.4ms)[0m  [1m[36mcommit transaction[0m
Migrating to CreateAttempts (20221205053616)
  [1m[36mTRANSACTION (0.0ms)[0m  [1m[36mbegin transaction[0m
  [1m[35m (0.2ms)[0m  [1m[35mCREATE TABLE "attempts" ("id" integer PRIMARY KEY AUTOINCREMENT NOT NULL, "user_id" integer NOT NULL, "quiz_id" integer NOT NULL, "score" integer, "created_at" datetime(6) NOT NULL, "updated_at" datetime(6) NOT NULL, CONSTRAINT "fk_rails_c8dbef4dd5"
FOREIGN KEY ("user_id")
  REFERENCES "users" ("id")
, CONSTRAINT "fk_rails_0aecdcc4e6"
FOREIGN KEY ("quiz_id")
  REFERENCES "quizzes" ("id")
)[0m
  [1m[35m (0.1ms)[0m  [1m[35mCREATE INDEX "index_attempts_on_user_id" ON "attempts" ("user_id")[0m
  [1m[35m (0.0ms)[0m  [1m[35mCREATE INDEX "index_attempts_on_quiz_id" ON "attempts" ("quiz_id")[0m
  [1m[36mActiveRecord::SchemaMigration Create (0.1ms)[0m  [1m[32mINSERT INTO "schema_migrations" ("version") VALUES (?)[0m  [["version", "20221205053616"]]
  [1m[36mTRANSACTION (0.5ms)[0m  [1m[36mcommit transaction[0m
Migrating to CreateQuestions (20221205175007)
  [1m[36mTRANSACTION (0.0ms)[0m  [1m[36mbegin transaction[0m
  [1m[35m (0.2ms)[0m  [1m[35mCREATE TABLE "questions" ("id" integer PRIMARY KEY AUTOINCREMENT NOT NULL, "category" varchar, "type" varchar, "question" varchar, "difficulty" varchar, "correct_answer" varchar, "incorrect_answers" varchar, "created_at" datetime(6) NOT NULL, "updated_at" datetime(6) NOT NULL)[0m
  [1m[36mActiveRecord::SchemaMigration Create (0.1ms)[0m  [1m[32mINSERT INTO "schema_migrations" ("version") VALUES (?)[0m  [["version", "20221205175007"]]
  [1m[36mTRANSACTION (0.3ms)[0m  [1m[36mcommit transaction[0m
  [1m[36mActiveRecord::InternalMetadata Load (0.1ms)[0m  [1m[34mSELECT "ar_internal_metadata".* FROM "ar_internal_metadata" WHERE "ar_internal_metadata"."key" = ? LIMIT ?[0m  [["key", "environment"], ["LIMIT", 1]]
  [1m[36mTRANSACTION (0.0ms)[0m  [1m[36mbegin transaction[0m
  [1m[36mActiveRecord::InternalMetadata Create (0.2ms)[0m  [1m[32mINSERT INTO "ar_internal_metadata" ("key", "value", "created_at", "updated_at") VALUES (?, ?, ?, ?)[0m  [["key", "environment"], ["value", "development"], ["created_at", "2022-12-05 18:07:22.820234"], ["updated_at", "2022-12-05 18:07:22.820234"]]
  [1m[36mTRANSACTION (0.3ms)[0m  [1m[36mcommit transaction[0m
  [1m[35m (0.0ms)[0m  [1m[34mSELECT sqlite_version(*)[0m
  [1m[35m (0.1ms)[0m  [1m[34mSELECT "schema_migrations"."version" FROM "schema_migrations" ORDER BY "schema_migrations"."version" ASC[0m
  [1m[35m (0.3ms)[0m  [1m[34mSELECT sqlite_version(*)[0m
  [1m[35m (0.1ms)[0m  [1m[34mSELECT "schema_migrations"."version" FROM "schema_migrations" ORDER BY "schema_migrations"."version" ASC[0m
  [1m[35m (0.1ms)[0m  [1m[34mSELECT "ar_internal_metadata"."value" FROM "ar_internal_metadata" WHERE "ar_internal_metadata"."key" = ?[0m  [["key", "environment"]]
  [1m[35m (0.0ms)[0m  [1m[34mSELECT "schema_migrations"."version" FROM "schema_migrations" ORDER BY "schema_migrations"."version" ASC[0m
  [1m[35m (0.0ms)[0m  [1m[34mSELECT "ar_internal_metadata"."value" FROM "ar_internal_metadata" WHERE "ar_internal_metadata"."key" = ?[0m  [["key", "environment"]]
  [1m[35m (0.0ms)[0m  [1m[34mSELECT "schema_migrations"."version" FROM "schema_migrations" ORDER BY "schema_migrations"."version" ASC[0m
  [1m[35m (0.0ms)[0m  [1m[34mSELECT "ar_internal_metadata"."value" FROM "ar_internal_metadata" WHERE "ar_internal_metadata"."key" = ?[0m  [["key", "environment"]]
  [1m[35m (1.4ms)[0m  [1m[34mSELECT sqlite_version(*)[0m
  [1m[35m (0.9ms)[0m  [1m[35mCREATE TABLE "schema_migrations" ("version" varchar NOT NULL PRIMARY KEY)[0m
  [1m[35m (0.7ms)[0m  [1m[35mCREATE TABLE "ar_internal_metadata" ("key" varchar NOT NULL PRIMARY KEY, "value" varchar, "created_at" datetime(6) NOT NULL, "updated_at" datetime(6) NOT NULL)[0m
  [1m[35m (0.1ms)[0m  [1m[34mSELECT "schema_migrations"."version" FROM "schema_migrations" ORDER BY "schema_migrations"."version" ASC[0m
Migrating to CreateUsers (20221205053358)
  [1m[36mTRANSACTION (0.0ms)[0m  [1m[36mbegin transaction[0m
  [1m[35m (0.3ms)[0m  [1m[35mCREATE TABLE "users" ("id" integer PRIMARY KEY AUTOINCREMENT NOT NULL, "first_name" varchar, "last_name" varchar, "username" varchar, "password_digest" varchar, "image_url" varchar, "email" varchar, "created_at" datetime(6) NOT NULL, "updated_at" datetime(6) NOT NULL)[0m
  [1m[36mActiveRecord::SchemaMigration Create (0.1ms)[0m  [1m[32mINSERT INTO "schema_migrations" ("version") VALUES (?)[0m  [["version", "20221205053358"]]
  [1m[36mTRANSACTION (0.5ms)[0m  [1m[36mcommit transaction[0m
Migrating to CreateQuizzes (20221205053510)
  [1m[36mTRANSACTION (0.0ms)[0m  [1m[36mbegin transaction[0m
  [1m[35m (0.2ms)[0m  [1m[35mCREATE TABLE "quizzes" ("id" integer PRIMARY KEY AUTOINCREMENT NOT NULL, "title" varchar, "description" varchar, "image_url" varchar, "author_id" integer, "q1" integer, "q2" integer, "q3" integer, "q4" integer, "q5" integer, "q6" integer, "q7" integer, "q8" integer, "q9" integer, "q10" integer, "created_at" datetime(6) NOT NULL, "updated_at" datetime(6) NOT NULL)[0m
  [1m[36mActiveRecord::SchemaMigration Create (0.1ms)[0m  [1m[32mINSERT INTO "schema_migrations" ("version") VALUES (?)[0m  [["version", "20221205053510"]]
  [1m[36mTRANSACTION (0.3ms)[0m  [1m[36mcommit transaction[0m
Migrating to CreateAttempts (20221205053616)
  [1m[36mTRANSACTION (0.0ms)[0m  [1m[36mbegin transaction[0m
  [1m[35m (0.2ms)[0m  [1m[35mCREATE TABLE "attempts" ("id" integer PRIMARY KEY AUTOINCREMENT NOT NULL, "user_id" integer NOT NULL, "quiz_id" integer NOT NULL, "score" integer, "created_at" datetime(6) NOT NULL, "updated_at" datetime(6) NOT NULL, CONSTRAINT "fk_rails_c8dbef4dd5"
FOREIGN KEY ("user_id")
  REFERENCES "users" ("id")
, CONSTRAINT "fk_rails_0aecdcc4e6"
FOREIGN KEY ("quiz_id")
  REFERENCES "quizzes" ("id")
)[0m
  [1m[35m (0.1ms)[0m  [1m[35mCREATE INDEX "index_attempts_on_user_id" ON "attempts" ("user_id")[0m
  [1m[35m (0.1ms)[0m  [1m[35mCREATE INDEX "index_attempts_on_quiz_id" ON "attempts" ("quiz_id")[0m
  [1m[36mActiveRecord::SchemaMigration Create (0.1ms)[0m  [1m[32mINSERT INTO "schema_migrations" ("version") VALUES (?)[0m  [["version", "20221205053616"]]
  [1m[36mTRANSACTION (0.4ms)[0m  [1m[36mcommit transaction[0m
Migrating to CreateQuestions (20221205175007)
  [1m[36mTRANSACTION (0.0ms)[0m  [1m[36mbegin transaction[0m
  [1m[35m (0.2ms)[0m  [1m[35mCREATE TABLE "questions" ("id" integer PRIMARY KEY AUTOINCREMENT NOT NULL, "category" varchar, "type" varchar, "question" varchar, "difficulty" varchar, "correct_answer" varchar, "incorrect_answers" varchar, "created_at" datetime(6) NOT NULL, "updated_at" datetime(6) NOT NULL)[0m
  [1m[36mActiveRecord::SchemaMigration Create (0.1ms)[0m  [1m[32mINSERT INTO "schema_migrations" ("version") VALUES (?)[0m  [["version", "20221205175007"]]
  [1m[36mTRANSACTION (0.3ms)[0m  [1m[36mcommit transaction[0m
  [1m[36mActiveRecord::InternalMetadata Load (0.1ms)[0m  [1m[34mSELECT "ar_internal_metadata".* FROM "ar_internal_metadata" WHERE "ar_internal_metadata"."key" = ? LIMIT ?[0m  [["key", "environment"], ["LIMIT", 1]]
  [1m[36mTRANSACTION (0.0ms)[0m  [1m[36mbegin transaction[0m
  [1m[36mActiveRecord::InternalMetadata Create (0.2ms)[0m  [1m[32mINSERT INTO "ar_internal_metadata" ("key", "value", "created_at", "updated_at") VALUES (?, ?, ?, ?)[0m  [["key", "environment"], ["value", "development"], ["created_at", "2022-12-05 18:11:23.641701"], ["updated_at", "2022-12-05 18:11:23.641701"]]
  [1m[36mTRANSACTION (0.3ms)[0m  [1m[36mcommit transaction[0m
  [1m[35m (0.0ms)[0m  [1m[34mSELECT sqlite_version(*)[0m
  [1m[35m (0.1ms)[0m  [1m[34mSELECT "schema_migrations"."version" FROM "schema_migrations" ORDER BY "schema_migrations"."version" ASC[0m
Started POST "/users" for ::1 at 2022-12-05 15:16:07 -0700
  [1m[35m (0.5ms)[0m  [1m[34mSELECT sqlite_version(*)[0m
  [1m[35m (0.1ms)[0m  [1m[34mSELECT "schema_migrations"."version" FROM "schema_migrations" ORDER BY "schema_migrations"."version" ASC[0m
Processing by UsersController#create as */*
  Parameters: {"first_name"=>"Oren", "last_name"=>"Noyes", "username"=>"Ohno!", "password"=>"[FILTERED]", "password_confirmation"=>"[FILTERED]", "user"=>{"first_name"=>"Oren", "last_name"=>"Noyes", "username"=>"Ohno!"}}
[31mUnpermitted parameters: :first_name, :last_name, :user[0m
[active_model_serializers] Rendered ActiveModel::Serializer::Null with Hash (0.08ms)
Completed 422 Unprocessable Entity in 415ms (Views: 2.4ms | ActiveRecord: 0.8ms | Allocations: 11999)


Started POST "/users" for ::1 at 2022-12-05 15:16:20 -0700
Processing by UsersController#create as */*
  Parameters: {"first_name"=>"Oren", "last_name"=>"Noyes", "username"=>"Ohno!", "password"=>"[FILTERED]", "password_confirmation"=>"[FILTERED]", "user"=>{"first_name"=>"Oren", "last_name"=>"Noyes", "username"=>"Ohno!"}}
[31mUnpermitted parameters: :first_name, :last_name, :user[0m
  [1m[36mTRANSACTION (0.1ms)[0m  [1m[36mbegin transaction[0m
  ↳ app/controllers/users_controller.rb:5:in `create'
  [1m[36mUser Create (1.8ms)[0m  [1m[32mINSERT INTO "users" ("username", "password_digest", "created_at", "updated_at") VALUES (?, ?, ?, ?)[0m  [["username", "Ohno!"], ["password_digest", "$2a$12$ZMPdYs5kmWqAM7JD6x0Jp.wy4xtGaALzLX.yK8rnucvWnN5U/fVEm"], ["created_at", "2022-12-05 22:16:20.961070"], ["updated_at", "2022-12-05 22:16:20.961070"]]
  ↳ app/controllers/users_controller.rb:5:in `create'
  [1m[36mTRANSACTION (0.5ms)[0m  [1m[36mcommit transaction[0m
  ↳ app/controllers/users_controller.rb:5:in `create'
[active_model_serializers] Rendered UserSerializer with ActiveModelSerializers::Adapter::Attributes (7.83ms)
Completed 500 Internal Server Error in 426ms (ActiveRecord: 2.5ms | Allocations: 7711)


  
NoMethodError (undefined method `user_name' for #<User:0x000000013ecd9238>
Did you mean?  username
               username=
               username?):
  
app/controllers/users_controller.rb:8:in `create'
Started GET "/users" for ::1 at 2022-12-05 15:18:25 -0700
  [1m[35m (0.6ms)[0m  [1m[34mSELECT sqlite_version(*)[0m
  [1m[35m (0.1ms)[0m  [1m[34mSELECT "schema_migrations"."version" FROM "schema_migrations" ORDER BY "schema_migrations"."version" ASC[0m
  
AbstractController::ActionNotFound (The action 'index' could not be found for UsersController
Did you mean?  create):
  
actionpack (6.1.3.2) lib/abstract_controller/base.rb:160:in `process'
actionpack (6.1.3.2) lib/action_controller/metal.rb:190:in `dispatch'
actionpack (6.1.3.2) lib/action_controller/metal.rb:254:in `dispatch'
actionpack (6.1.3.2) lib/action_dispatch/routing/route_set.rb:50:in `dispatch'
actionpack (6.1.3.2) lib/action_dispatch/routing/route_set.rb:33:in `serve'
actionpack (6.1.3.2) lib/action_dispatch/journey/router.rb:50:in `block in serve'
actionpack (6.1.3.2) lib/action_dispatch/journey/router.rb:32:in `each'
actionpack (6.1.3.2) lib/action_dispatch/journey/router.rb:32:in `serve'
actionpack (6.1.3.2) lib/action_dispatch/routing/route_set.rb:842:in `call'
rack (2.2.3) lib/rack/session/abstract/id.rb:266:in `context'
rack (2.2.3) lib/rack/session/abstract/id.rb:260:in `call'
actionpack (6.1.3.2) lib/action_dispatch/middleware/cookies.rb:689:in `call'
rack (2.2.3) lib/rack/etag.rb:27:in `call'
rack (2.2.3) lib/rack/conditional_get.rb:27:in `call'
rack (2.2.3) lib/rack/head.rb:12:in `call'
activerecord (6.1.3.2) lib/active_record/migration.rb:601:in `call'
actionpack (6.1.3.2) lib/action_dispatch/middleware/callbacks.rb:27:in `block in call'
activesupport (6.1.3.2) lib/active_support/callbacks.rb:98:in `run_callbacks'
actionpack (6.1.3.2) lib/action_dispatch/middleware/callbacks.rb:26:in `call'
actionpack (6.1.3.2) lib/action_dispatch/middleware/executor.rb:14:in `call'
actionpack (6.1.3.2) lib/action_dispatch/middleware/actionable_exceptions.rb:18:in `call'
actionpack (6.1.3.2) lib/action_dispatch/middleware/debug_exceptions.rb:29:in `call'
actionpack (6.1.3.2) lib/action_dispatch/middleware/show_exceptions.rb:33:in `call'
railties (6.1.3.2) lib/rails/rack/logger.rb:37:in `call_app'
railties (6.1.3.2) lib/rails/rack/logger.rb:26:in `block in call'
activesupport (6.1.3.2) lib/active_support/tagged_logging.rb:99:in `block in tagged'
activesupport (6.1.3.2) lib/active_support/tagged_logging.rb:37:in `tagged'
activesupport (6.1.3.2) lib/active_support/tagged_logging.rb:99:in `tagged'
railties (6.1.3.2) lib/rails/rack/logger.rb:26:in `call'
actionpack (6.1.3.2) lib/action_dispatch/middleware/remote_ip.rb:81:in `call'
actionpack (6.1.3.2) lib/action_dispatch/middleware/request_id.rb:26:in `call'
rack (2.2.3) lib/rack/runtime.rb:22:in `call'
activesupport (6.1.3.2) lib/active_support/cache/strategy/local_cache_middleware.rb:29:in `call'
actionpack (6.1.3.2) lib/action_dispatch/middleware/executor.rb:14:in `call'
actionpack (6.1.3.2) lib/action_dispatch/middleware/static.rb:24:in `call'
rack (2.2.3) lib/rack/sendfile.rb:110:in `call'
actionpack (6.1.3.2) lib/action_dispatch/middleware/host_authorization.rb:98:in `call'
railties (6.1.3.2) lib/rails/engine.rb:539:in `call'
puma (5.3.2) lib/puma/configuration.rb:249:in `call'
puma (5.3.2) lib/puma/request.rb:77:in `block in handle_request'
puma (5.3.2) lib/puma/thread_pool.rb:338:in `with_force_shutdown'
puma (5.3.2) lib/puma/request.rb:76:in `handle_request'
puma (5.3.2) lib/puma/server.rb:438:in `process_client'
puma (5.3.2) lib/puma/thread_pool.rb:145:in `block in spawn_thread'
Started GET "/users" for ::1 at 2022-12-05 15:19:18 -0700
  [1m[35m (0.1ms)[0m  [1m[34mSELECT sqlite_version(*)[0m
Processing by UsersController#index as */*
  Parameters: {"first_name"=>"Oren", "last_name"=>"Noyes", "username"=>"Ohno!", "password"=>"[FILTERED]", "password_confirmation"=>"[FILTERED]", "user"=>{"first_name"=>"Oren", "last_name"=>"Noyes", "username"=>"Ohno!"}}
  [1m[36mUser Load (0.6ms)[0m  [1m[34mSELECT "users".* FROM "users"[0m
  ↳ app/controllers/users_controller.rb:15:in `index'
[active_model_serializers] Rendered ActiveModel::Serializer::CollectionSerializer with ActiveModelSerializers::Adapter::Attributes (0.28ms)
Completed 200 OK in 13ms (Views: 9.3ms | ActiveRecord: 1.4ms | Allocations: 7732)


Started GET "/users" for ::1 at 2022-12-05 15:19:39 -0700
  [1m[35m (0.0ms)[0m  [1m[34mSELECT sqlite_version(*)[0m
Processing by UsersController#index as */*
  Parameters: {"first_name"=>"Oren", "last_name"=>"Noyes", "username"=>"Ohno!", "password"=>"[FILTERED]", "password_confirmation"=>"[FILTERED]", "user"=>{"first_name"=>"Oren", "last_name"=>"Noyes", "username"=>"Ohno!"}}
  [1m[36mUser Load (0.1ms)[0m  [1m[34mSELECT "users".* FROM "users"[0m
  ↳ app/controllers/users_controller.rb:15:in `index'
[active_model_serializers] Rendered ActiveModel::Serializer::CollectionSerializer with ActiveModelSerializers::Adapter::Attributes (0.24ms)
Completed 200 OK in 6ms (Views: 5.9ms | ActiveRecord: 0.7ms | Allocations: 4474)


Started GET "/users" for ::1 at 2022-12-05 15:20:16 -0700
  [1m[35m (0.6ms)[0m  [1m[34mSELECT sqlite_version(*)[0m
  [1m[35m (0.1ms)[0m  [1m[34mSELECT "schema_migrations"."version" FROM "schema_migrations" ORDER BY "schema_migrations"."version" ASC[0m
Processing by UsersController#index as */*
  Parameters: {"first_name"=>"Oren", "last_name"=>"Noyes", "username"=>"Ohno!", "password"=>"[FILTERED]", "password_confirmation"=>"[FILTERED]", "user"=>{"first_name"=>"Oren", "last_name"=>"Noyes", "username"=>"Ohno!"}}
  [1m[36mUser Load (0.1ms)[0m  [1m[34mSELECT "users".* FROM "users"[0m
  ↳ app/controllers/users_controller.rb:15:in `index'
[active_model_serializers] Rendered ActiveModel::Serializer::CollectionSerializer with ActiveModelSerializers::Adapter::Attributes (0.31ms)
Completed 200 OK in 11ms (Views: 7.2ms | ActiveRecord: 0.4ms | Allocations: 7719)


Started GET "/users" for ::1 at 2022-12-05 15:21:34 -0700
Processing by UsersController#index as */*
  Parameters: {"first_name"=>"Claire", "last_name"=>"Steinhoff", "username"=>"xxxKiller_A$$asin_44xxx", "password"=>"[FILTERED]", "password_confirmation"=>"[FILTERED]", "user"=>{"first_name"=>"Claire", "last_name"=>"Steinhoff", "username"=>"xxxKiller_A$$asin_44xxx"}}
  [1m[36mUser Load (1.0ms)[0m  [1m[34mSELECT "users".* FROM "users"[0m
  ↳ app/controllers/users_controller.rb:15:in `index'
[active_model_serializers] Rendered ActiveModel::Serializer::CollectionSerializer with ActiveModelSerializers::Adapter::Attributes (0.55ms)
Completed 200 OK in 5ms (Views: 3.1ms | ActiveRecord: 1.0ms | Allocations: 837)


Started POST "/users" for ::1 at 2022-12-05 15:21:38 -0700
Processing by UsersController#create as */*
  Parameters: {"first_name"=>"Claire", "last_name"=>"Steinhoff", "username"=>"xxxKiller_A$$asin_44xxx", "password"=>"[FILTERED]", "password_confirmation"=>"[FILTERED]", "user"=>{"first_name"=>"Claire", "last_name"=>"Steinhoff", "username"=>"xxxKiller_A$$asin_44xxx"}}
[31mUnpermitted parameters: :first_name, :last_name, :user[0m
  [1m[36mTRANSACTION (0.1ms)[0m  [1m[36mbegin transaction[0m
  ↳ app/controllers/users_controller.rb:5:in `create'
  [1m[36mUser Create (0.4ms)[0m  [1m[32mINSERT INTO "users" ("username", "password_digest", "created_at", "updated_at") VALUES (?, ?, ?, ?)[0m  [["username", "xxxKiller_A$$asin_44xxx"], ["password_digest", "$2a$12$XpwFk/CmjZHjNvTJB3WBs.Ua3bLT5meE.1yvvpzbDhf9d/ZcVYQja"], ["created_at", "2022-12-05 22:21:39.340921"], ["updated_at", "2022-12-05 22:21:39.340921"]]
  ↳ app/controllers/users_controller.rb:5:in `create'
  [1m[36mTRANSACTION (0.6ms)[0m  [1m[36mcommit transaction[0m
  ↳ app/controllers/users_controller.rb:5:in `create'
[active_model_serializers] Rendered UserSerializer with ActiveModelSerializers::Adapter::Attributes (0.22ms)
Completed 201 Created in 409ms (Views: 0.5ms | ActiveRecord: 1.1ms | Allocations: 2463)


Started GET "/users" for ::1 at 2022-12-05 15:21:48 -0700
Processing by UsersController#index as */*
  Parameters: {"first_name"=>"Claire", "last_name"=>"Steinhoff", "username"=>"xxxKiller_A$$asin_44xxx", "password"=>"[FILTERED]", "password_confirmation"=>"[FILTERED]", "user"=>{"first_name"=>"Claire", "last_name"=>"Steinhoff", "username"=>"xxxKiller_A$$asin_44xxx"}}
  [1m[36mUser Load (1.2ms)[0m  [1m[34mSELECT "users".* FROM "users"[0m
  ↳ app/controllers/users_controller.rb:15:in `index'
[active_model_serializers] Rendered ActiveModel::Serializer::CollectionSerializer with ActiveModelSerializers::Adapter::Attributes (0.53ms)
Completed 200 OK in 4ms (Views: 2.4ms | ActiveRecord: 1.2ms | Allocations: 924)


Started GET "/users" for ::1 at 2022-12-05 15:21:51 -0700
Processing by UsersController#index as */*
  Parameters: {"first_name"=>"Claire", "last_name"=>"Steinhoff", "username"=>"xxxKiller_A$$asin_44xxx", "password"=>"[FILTERED]", "password_confirmation"=>"[FILTERED]", "user"=>{"first_name"=>"Claire", "last_name"=>"Steinhoff", "username"=>"xxxKiller_A$$asin_44xxx"}}
  [1m[36mUser Load (0.1ms)[0m  [1m[34mSELECT "users".* FROM "users"[0m
  ↳ app/controllers/users_controller.rb:15:in `index'
[active_model_serializers] Rendered ActiveModel::Serializer::CollectionSerializer with ActiveModelSerializers::Adapter::Attributes (0.31ms)
Completed 200 OK in 2ms (Views: 1.7ms | ActiveRecord: 0.1ms | Allocations: 922)


Started GET "/users" for ::1 at 2022-12-05 15:21:51 -0700
Processing by UsersController#index as */*
  Parameters: {"first_name"=>"Claire", "last_name"=>"Steinhoff", "username"=>"xxxKiller_A$$asin_44xxx", "password"=>"[FILTERED]", "password_confirmation"=>"[FILTERED]", "user"=>{"first_name"=>"Claire", "last_name"=>"Steinhoff", "username"=>"xxxKiller_A$$asin_44xxx"}}
  [1m[36mUser Load (0.3ms)[0m  [1m[34mSELECT "users".* FROM "users"[0m
  ↳ app/controllers/users_controller.rb:15:in `index'
[active_model_serializers] Rendered ActiveModel::Serializer::CollectionSerializer with ActiveModelSerializers::Adapter::Attributes (0.55ms)
Completed 200 OK in 4ms (Views: 2.9ms | ActiveRecord: 0.3ms | Allocations: 922)


Started POST "/login" for ::1 at 2022-12-05 15:22:23 -0700
  [1m[35m (0.6ms)[0m  [1m[34mSELECT sqlite_version(*)[0m
  [1m[35m (0.1ms)[0m  [1m[34mSELECT "schema_migrations"."version" FROM "schema_migrations" ORDER BY "schema_migrations"."version" ASC[0m
Processing by SessionsController#create as */*
  Parameters: {"first_name"=>"Claire", "last_name"=>"Steinhoff", "username"=>"xxxKiller_A$$asin_44xxx", "password"=>"[FILTERED]", "session"=>{"first_name"=>"Claire", "last_name"=>"Steinhoff", "username"=>"xxxKiller_A$$asin_44xxx", "password"=>"[FILTERED]"}}
  [1m[36mUser Load (0.1ms)[0m  [1m[34mSELECT "users".* FROM "users" WHERE "users"."username" = ? LIMIT ?[0m  [["username", "xxxKiller_A$$asin_44xxx"], ["LIMIT", 1]]
  ↳ app/controllers/sessions_controller.rb:4:in `create'
[active_model_serializers] Rendered UserSerializer with ActiveModelSerializers::Adapter::Attributes (0.37ms)
Completed 201 Created in 411ms (Views: 4.2ms | ActiveRecord: 0.5ms | Allocations: 11345)


Started POST "/login" for ::1 at 2022-12-05 15:22:44 -0700
Processing by SessionsController#create as */*
  Parameters: {"first_name"=>"Claire", "last_name"=>"Steinhoff", "username"=>"xxxKiller_A$$asin_44xxx", "password"=>"[FILTERED]", "session"=>{"first_name"=>"Claire", "last_name"=>"Steinhoff", "username"=>"xxxKiller_A$$asin_44xxx", "password"=>"[FILTERED]"}}
  [1m[36mUser Load (0.4ms)[0m  [1m[34mSELECT "users".* FROM "users" WHERE "users"."username" = ? LIMIT ?[0m  [["username", "xxxKiller_A$$asin_44xxx"], ["LIMIT", 1]]
  ↳ app/controllers/sessions_controller.rb:4:in `create'
[active_model_serializers] Rendered ActiveModel::Serializer::Null with Hash (0.1ms)
Completed 401 Unauthorized in 400ms (Views: 2.3ms | ActiveRecord: 0.4ms | Allocations: 904)


Started GET "/users/1" for ::1 at 2022-12-05 15:23:44 -0700
  
AbstractController::ActionNotFound (The action 'show' could not be found for UsersController
Did you mean?  index
               create):
  
actionpack (6.1.3.2) lib/abstract_controller/base.rb:160:in `process'
actionpack (6.1.3.2) lib/action_controller/metal.rb:190:in `dispatch'
actionpack (6.1.3.2) lib/action_controller/metal.rb:254:in `dispatch'
actionpack (6.1.3.2) lib/action_dispatch/routing/route_set.rb:50:in `dispatch'
actionpack (6.1.3.2) lib/action_dispatch/routing/route_set.rb:33:in `serve'
actionpack (6.1.3.2) lib/action_dispatch/journey/router.rb:50:in `block in serve'
actionpack (6.1.3.2) lib/action_dispatch/journey/router.rb:32:in `each'
actionpack (6.1.3.2) lib/action_dispatch/journey/router.rb:32:in `serve'
actionpack (6.1.3.2) lib/action_dispatch/routing/route_set.rb:842:in `call'
rack (2.2.3) lib/rack/session/abstract/id.rb:266:in `context'
rack (2.2.3) lib/rack/session/abstract/id.rb:260:in `call'
actionpack (6.1.3.2) lib/action_dispatch/middleware/cookies.rb:689:in `call'
rack (2.2.3) lib/rack/etag.rb:27:in `call'
rack (2.2.3) lib/rack/conditional_get.rb:27:in `call'
rack (2.2.3) lib/rack/head.rb:12:in `call'
activerecord (6.1.3.2) lib/active_record/migration.rb:601:in `call'
actionpack (6.1.3.2) lib/action_dispatch/middleware/callbacks.rb:27:in `block in call'
activesupport (6.1.3.2) lib/active_support/callbacks.rb:98:in `run_callbacks'
actionpack (6.1.3.2) lib/action_dispatch/middleware/callbacks.rb:26:in `call'
actionpack (6.1.3.2) lib/action_dispatch/middleware/executor.rb:14:in `call'
actionpack (6.1.3.2) lib/action_dispatch/middleware/actionable_exceptions.rb:18:in `call'
actionpack (6.1.3.2) lib/action_dispatch/middleware/debug_exceptions.rb:29:in `call'
actionpack (6.1.3.2) lib/action_dispatch/middleware/show_exceptions.rb:33:in `call'
railties (6.1.3.2) lib/rails/rack/logger.rb:37:in `call_app'
railties (6.1.3.2) lib/rails/rack/logger.rb:26:in `block in call'
activesupport (6.1.3.2) lib/active_support/tagged_logging.rb:99:in `block in tagged'
activesupport (6.1.3.2) lib/active_support/tagged_logging.rb:37:in `tagged'
activesupport (6.1.3.2) lib/active_support/tagged_logging.rb:99:in `tagged'
railties (6.1.3.2) lib/rails/rack/logger.rb:26:in `call'
actionpack (6.1.3.2) lib/action_dispatch/middleware/remote_ip.rb:81:in `call'
actionpack (6.1.3.2) lib/action_dispatch/middleware/request_id.rb:26:in `call'
rack (2.2.3) lib/rack/runtime.rb:22:in `call'
activesupport (6.1.3.2) lib/active_support/cache/strategy/local_cache_middleware.rb:29:in `call'
actionpack (6.1.3.2) lib/action_dispatch/middleware/executor.rb:14:in `call'
actionpack (6.1.3.2) lib/action_dispatch/middleware/static.rb:24:in `call'
rack (2.2.3) lib/rack/sendfile.rb:110:in `call'
actionpack (6.1.3.2) lib/action_dispatch/middleware/host_authorization.rb:98:in `call'
railties (6.1.3.2) lib/rails/engine.rb:539:in `call'
puma (5.3.2) lib/puma/configuration.rb:249:in `call'
puma (5.3.2) lib/puma/request.rb:77:in `block in handle_request'
puma (5.3.2) lib/puma/thread_pool.rb:338:in `with_force_shutdown'
puma (5.3.2) lib/puma/request.rb:76:in `handle_request'
puma (5.3.2) lib/puma/server.rb:438:in `process_client'
puma (5.3.2) lib/puma/thread_pool.rb:145:in `block in spawn_thread'
Started GET "/users" for ::1 at 2022-12-05 15:24:04 -0700
  [1m[35m (0.1ms)[0m  [1m[34mSELECT sqlite_version(*)[0m
Processing by UsersController#index as */*
  Parameters: {"first_name"=>"Claire", "last_name"=>"Steinhoff", "username"=>"xxxKiller_A$$asin_44xxx", "password"=>"[FILTERED]", "user"=>{"first_name"=>"Claire", "last_name"=>"Steinhoff", "username"=>"xxxKiller_A$$asin_44xxx"}}
Completed 500 Internal Server Error in 62593ms (ActiveRecord: 0.3ms | Allocations: 92438)


  
SystemExit (exit):
  
(byebug):1:in `exit'
(byebug):1:in `index'
app/controllers/users_controller.rb:16:in `index'
Started GET "/users" for ::1 at 2022-12-05 15:25:15 -0700
Processing by UsersController#index as */*
  Parameters: {"first_name"=>"Claire", "last_name"=>"Steinhoff", "username"=>"xxxKiller_A$$asin_44xxx", "password"=>"[FILTERED]", "user"=>{"first_name"=>"Claire", "last_name"=>"Steinhoff", "username"=>"xxxKiller_A$$asin_44xxx"}}
Completed 500 Internal Server Error in 9982ms (ActiveRecord: 0.0ms | Allocations: 20588)


  
SystemExit (exit):
  
(byebug):1:in `exit'
(byebug):1:in `index'
app/controllers/users_controller.rb:16:in `index'
Started GET "/users" for ::1 at 2022-12-05 15:25:34 -0700
  [1m[35m (0.7ms)[0m  [1m[34mSELECT sqlite_version(*)[0m
Processing by UsersController#index as */*
  Parameters: {"first_name"=>"Claire", "last_name"=>"Steinhoff", "username"=>"xxxKiller_A$$asin_44xxx", "password"=>"[FILTERED]", "user"=>{"first_name"=>"Claire", "last_name"=>"Steinhoff", "username"=>"xxxKiller_A$$asin_44xxx"}}
  [1m[36mUser Load (1.1ms)[0m  [1m[34mSELECT "users".* FROM "users"[0m
  ↳ app/controllers/users_controller.rb:15:in `index'
[active_model_serializers] Rendered ActiveModel::Serializer::CollectionSerializer with ActiveModelSerializers::Adapter::Attributes (9.64ms)
Completed 200 OK in 97ms (Views: 90.2ms | ActiveRecord: 7.5ms | Allocations: 1241130)


Started GET "/users" for ::1 at 2022-12-05 15:25:50 -0700
Processing by UsersController#index as */*
  Parameters: {"username"=>"Ohno!", "password"=>"[FILTERED]", "user"=>{"username"=>"Ohno!"}}
  [1m[36mUser Load (0.9ms)[0m  [1m[34mSELECT "users".* FROM "users"[0m
  ↳ app/controllers/users_controller.rb:15:in `index'
[active_model_serializers] Rendered ActiveModel::Serializer::CollectionSerializer with ActiveModelSerializers::Adapter::Attributes (7.16ms)
Completed 200 OK in 32ms (Views: 28.6ms | ActiveRecord: 0.9ms | Allocations: 383822)


Started POST "/users" for ::1 at 2022-12-05 15:25:56 -0700
Processing by UsersController#create as */*
  Parameters: {"username"=>"Ohno!", "password"=>"[FILTERED]", "user"=>{"username"=>"Ohno!"}}
[31mUnpermitted parameter: :user[0m
  [1m[36mTRANSACTION (0.6ms)[0m  [1m[36mbegin transaction[0m
  ↳ app/controllers/users_controller.rb:5:in `create'
  [1m[36mUser Create (1.2ms)[0m  [1m[32mINSERT INTO "users" ("username", "password_digest", "created_at", "updated_at") VALUES (?, ?, ?, ?)[0m  [["username", "Ohno!"], ["password_digest", "$2a$12$neENtDF5gDKTQ8auRDnpKeJaRZJFbfzoUQG4MYmQd.N5OvKs2KTcS"], ["created_at", "2022-12-05 22:25:57.405877"], ["updated_at", "2022-12-05 22:25:57.405877"]]
  ↳ app/controllers/users_controller.rb:5:in `create'
  [1m[36mTRANSACTION (1.2ms)[0m  [1m[36mcommit transaction[0m
  ↳ app/controllers/users_controller.rb:5:in `create'
[active_model_serializers] Rendered UserSerializer with ActiveModelSerializers::Adapter::Attributes (4.28ms)
Completed 201 Created in 467ms (Views: 9.9ms | ActiveRecord: 2.9ms | Allocations: 897568)


Started POST "/login" for ::1 at 2022-12-05 15:26:39 -0700
Processing by SessionsController#create as */*
  Parameters: {"username"=>"Ohno!", "password"=>"[FILTERED]", "session"=>{"username"=>"Ohno!", "password"=>"[FILTERED]"}}
  [1m[35m (0.0ms)[0m  [1m[34mSELECT sqlite_version(*)[0m
  ↳ app/controllers/sessions_controller.rb:4:in `create'
  [1m[36mUser Load (0.1ms)[0m  [1m[34mSELECT "users".* FROM "users" WHERE "users"."username" = ? LIMIT ?[0m  [["username", "Ohno!"], ["LIMIT", 1]]
  ↳ app/controllers/sessions_controller.rb:4:in `create'
[active_model_serializers] Rendered UserSerializer with ActiveModelSerializers::Adapter::Attributes (0.32ms)
Completed 201 Created in 406ms (Views: 2.4ms | ActiveRecord: 0.4ms | Allocations: 6778)


Started GET "/users" for ::1 at 2022-12-05 15:26:53 -0700
  [1m[35m (0.0ms)[0m  [1m[34mSELECT sqlite_version(*)[0m
Processing by UsersController#index as */*
  Parameters: {"username"=>"Ohno!", "password"=>"[FILTERED]", "user"=>{"username"=>"Ohno!"}}
Completed 500 Internal Server Error in 55893ms (ActiveRecord: 0.5ms | Allocations: 50396)


  
SystemExit (exit):
  
(byebug):1:in `exit'
(byebug):1:in `index'
app/controllers/users_controller.rb:16:in `index'
Started GET "/users/1" for ::1 at 2022-12-05 15:38:21 -0700
  [1m[35m (0.0ms)[0m  [1m[34mSELECT sqlite_version(*)[0m
Processing by UsersController#show as */*
  Parameters: {"username"=>"Ohno!", "password"=>"[FILTERED]", "id"=>"1", "user"=>{"username"=>"Ohno!"}}
  [1m[36mUser Load (0.7ms)[0m  [1m[34mSELECT "users".* FROM "users" WHERE "users"."id" = ? LIMIT ?[0m  [["id", 1], ["LIMIT", 1]]
  ↳ app/controllers/users_controller.rb:19:in `show'
[active_model_serializers] Rendered UserSerializer with ActiveModelSerializers::Adapter::Attributes (0.22ms)
Completed 200 OK in 8ms (Views: 1.7ms | ActiveRecord: 1.0ms | Allocations: 4691)


Started GET "/users" for ::1 at 2022-12-05 15:38:25 -0700
Processing by UsersController#index as */*
  Parameters: {"username"=>"Ohno!", "password"=>"[FILTERED]", "user"=>{"username"=>"Ohno!"}}
  [1m[36mUser Load (0.2ms)[0m  [1m[34mSELECT "users".* FROM "users"[0m
  ↳ app/controllers/users_controller.rb:15:in `index'
[active_model_serializers] Rendered ActiveModel::Serializer::CollectionSerializer with ActiveModelSerializers::Adapter::Attributes (0.43ms)
Completed 200 OK in 3ms (Views: 2.3ms | ActiveRecord: 0.2ms | Allocations: 1068)


Started GET "/users/1" for ::1 at 2022-12-05 15:38:27 -0700
Processing by UsersController#show as */*
  Parameters: {"username"=>"Ohno!", "password"=>"[FILTERED]", "id"=>"1", "user"=>{"username"=>"Ohno!"}}
  [1m[36mUser Load (0.2ms)[0m  [1m[34mSELECT "users".* FROM "users" WHERE "users"."id" = ? LIMIT ?[0m  [["id", 1], ["LIMIT", 1]]
  ↳ app/controllers/users_controller.rb:19:in `show'
[active_model_serializers] Rendered UserSerializer with ActiveModelSerializers::Adapter::Attributes (0.38ms)
Completed 200 OK in 3ms (Views: 0.9ms | ActiveRecord: 0.2ms | Allocations: 765)


Started GET "/users" for ::1 at 2022-12-05 15:38:31 -0700
Processing by UsersController#index as */*
  Parameters: {"username"=>"Ohno!", "password"=>"[FILTERED]", "user"=>{"username"=>"Ohno!"}}
  [1m[36mUser Load (0.1ms)[0m  [1m[34mSELECT "users".* FROM "users"[0m
  ↳ app/controllers/users_controller.rb:15:in `index'
[active_model_serializers] Rendered ActiveModel::Serializer::CollectionSerializer with ActiveModelSerializers::Adapter::Attributes (0.52ms)
Completed 200 OK in 2ms (Views: 1.8ms | ActiveRecord: 0.1ms | Allocations: 1027)


Started GET "/users" for ::1 at 2022-12-05 15:39:58 -0700
  [1m[35m (0.0ms)[0m  [1m[34mSELECT sqlite_version(*)[0m
Processing by UsersController#index as */*
  Parameters: {"id"=>2, "first_name"=>"Claire", "last_name"=>"Steinhoff", "username"=>"xxxKiller_A$$asin_44xxx1", "user"=>{"id"=>2, "first_name"=>"Claire", "last_name"=>"Steinhoff", "username"=>"xxxKiller_A$$asin_44xxx1"}}
  [1m[36mUser Load (0.1ms)[0m  [1m[34mSELECT "users".* FROM "users"[0m
  ↳ app/controllers/users_controller.rb:15:in `index'
[active_model_serializers] Rendered ActiveModel::Serializer::CollectionSerializer with ActiveModelSerializers::Adapter::Attributes (0.4ms)
Completed 200 OK in 7ms (Views: 6.0ms | ActiveRecord: 0.7ms | Allocations: 4661)


Started POST "/users" for ::1 at 2022-12-05 15:40:03 -0700
Processing by UsersController#create as */*
  Parameters: {"id"=>2, "first_name"=>"Claire", "last_name"=>"Steinhoff", "username"=>"xxxKiller_A$$asin_44xxx1", "user"=>{"id"=>2, "first_name"=>"Claire", "last_name"=>"Steinhoff", "username"=>"xxxKiller_A$$asin_44xxx1"}}
[31mUnpermitted parameters: :id, :user[0m
[active_model_serializers] Rendered ActiveModel::Serializer::Null with Hash (0.1ms)
Completed 422 Unprocessable Entity in 14ms (Views: 1.7ms | ActiveRecord: 0.0ms | Allocations: 3216)


Started POST "/users" for ::1 at 2022-12-05 15:40:27 -0700
Processing by UsersController#create as */*
  Parameters: {"id"=>2, "first_name"=>"Claire", "last_name"=>"Steinhoff", "username"=>"xxxKiller_A$$asin_44xxx1", "password"=>"[FILTERED]", "user"=>{"id"=>2, "first_name"=>"Claire", "last_name"=>"Steinhoff", "username"=>"xxxKiller_A$$asin_44xxx1"}}
[31mUnpermitted parameters: :id, :user[0m
  [1m[36mTRANSACTION (0.1ms)[0m  [1m[36mbegin transaction[0m
  ↳ app/controllers/users_controller.rb:5:in `create'
  [1m[36mUser Create (2.3ms)[0m  [1m[32mINSERT INTO "users" ("first_name", "last_name", "username", "password_digest", "created_at", "updated_at") VALUES (?, ?, ?, ?, ?, ?)[0m  [["first_name", "Claire"], ["last_name", "Steinhoff"], ["username", "xxxKiller_A$$asin_44xxx1"], ["password_digest", "$2a$12$ENpzmYH0BGGHF7kxCg9M9eQ0ohLL68tRp1PiYVvV0zRlFdLIjWmXW"], ["created_at", "2022-12-05 22:40:28.140025"], ["updated_at", "2022-12-05 22:40:28.140025"]]
  ↳ app/controllers/users_controller.rb:5:in `create'
  [1m[36mTRANSACTION (0.5ms)[0m  [1m[36mcommit transaction[0m
  ↳ app/controllers/users_controller.rb:5:in `create'
[active_model_serializers] Rendered UserSerializer with ActiveModelSerializers::Adapter::Attributes (0.17ms)
Completed 201 Created in 408ms (Views: 0.5ms | ActiveRecord: 2.9ms | Allocations: 2291)


Started GET "/users" for ::1 at 2022-12-05 15:40:32 -0700
Processing by UsersController#index as */*
  Parameters: {"id"=>2, "first_name"=>"Claire", "last_name"=>"Steinhoff", "username"=>"xxxKiller_A$$asin_44xxx1", "password"=>"[FILTERED]", "user"=>{"id"=>2, "first_name"=>"Claire", "last_name"=>"Steinhoff", "username"=>"xxxKiller_A$$asin_44xxx1"}}
  [1m[36mUser Load (0.2ms)[0m  [1m[34mSELECT "users".* FROM "users"[0m
  ↳ app/controllers/users_controller.rb:15:in `index'
[active_model_serializers] Rendered ActiveModel::Serializer::CollectionSerializer with ActiveModelSerializers::Adapter::Attributes (0.55ms)
Completed 200 OK in 2ms (Views: 2.0ms | ActiveRecord: 0.2ms | Allocations: 1146)


Started GET "/me" for ::1 at 2022-12-05 15:40:45 -0700
Processing by UsersController#show as */*
  Parameters: {"id"=>2, "first_name"=>"Claire", "last_name"=>"Steinhoff", "username"=>"xxxKiller_A$$asin_44xxx1", "password"=>"[FILTERED]", "user"=>{"id"=>2, "first_name"=>"Claire", "last_name"=>"Steinhoff", "username"=>"xxxKiller_A$$asin_44xxx1"}}
  [1m[36mUser Load (0.5ms)[0m  [1m[34mSELECT "users".* FROM "users" WHERE "users"."id" = ? LIMIT ?[0m  [["id", 4], ["LIMIT", 1]]
  ↳ app/controllers/users_controller.rb:19:in `show'
[active_model_serializers] Rendered UserSerializer with ActiveModelSerializers::Adapter::Attributes (0.4ms)
Completed 200 OK in 6ms (Views: 1.7ms | ActiveRecord: 0.5ms | Allocations: 918)


Started GET "/login" for ::1 at 2022-12-05 15:41:57 -0700
  
ActionController::RoutingError (No route matches [GET] "/login"):
  
Started POST "/login" for ::1 at 2022-12-05 15:42:03 -0700
Processing by SessionsController#create as */*
  Parameters: {"username"=>"Ohno!", "password"=>"[FILTERED]", "session"=>{"username"=>"Ohno!", "password"=>"[FILTERED]"}}
  [1m[36mUser Load (0.5ms)[0m  [1m[34mSELECT "users".* FROM "users" WHERE "users"."username" = ? LIMIT ?[0m  [["username", "Ohno!"], ["LIMIT", 1]]
  ↳ app/controllers/sessions_controller.rb:4:in `create'
[active_model_serializers] Rendered UserSerializer with ActiveModelSerializers::Adapter::Attributes (0.18ms)
Completed 201 Created in 401ms (Views: 0.5ms | ActiveRecord: 0.5ms | Allocations: 947)


Started GET "/me" for ::1 at 2022-12-05 15:42:11 -0700
Processing by UsersController#show as */*
  Parameters: {"username"=>"Ohno!", "password"=>"[FILTERED]", "user"=>{"username"=>"Ohno!"}}
  [1m[36mUser Load (0.3ms)[0m  [1m[34mSELECT "users".* FROM "users" WHERE "users"."id" = ? LIMIT ?[0m  [["id", 1], ["LIMIT", 1]]
  ↳ app/controllers/users_controller.rb:19:in `show'
[active_model_serializers] Rendered UserSerializer with ActiveModelSerializers::Adapter::Attributes (0.27ms)
Completed 200 OK in 3ms (Views: 0.8ms | ActiveRecord: 0.3ms | Allocations: 769)


